  glad.c
  TimeSystem.cpp
c:\users\peter pantelakos\source\repos\animation2017\animation2017\timesystem.cpp(22): warning C4244: '=': conversion from 'double' to 'float', possible loss of data
c:\users\peter pantelakos\source\repos\animation2017\animation2017\timesystem.cpp(31): warning C4244: '=': conversion from 'double' to 'float', possible loss of data
  Mesh.cpp
c:\users\peter pantelakos\source\repos\animation2017\animation2017\shader.h(56): warning C4101: 'infoLog': unreferenced local variable
c:\users\peter pantelakos\source\repos\animation2017\animation2017\shader.h(55): warning C4101: 'success': unreferenced local variable
  Main.cpp
c:\users\peter pantelakos\source\repos\animation2017\animation2017\shader.h(56): warning C4101: 'infoLog': unreferenced local variable
c:\users\peter pantelakos\source\repos\animation2017\animation2017\shader.h(55): warning C4101: 'success': unreferenced local variable
c:\users\peter pantelakos\source\repos\animation2017\animation2017\main.cpp(34): warning C4838: conversion from 'double' to 'GLfloat' requires a narrowing conversion
c:\users\peter pantelakos\source\repos\animation2017\animation2017\main.cpp(34): warning C4305: 'initializing': truncation from 'double' to 'GLfloat'
  InputManager.cpp
c:\users\peter pantelakos\source\repos\animation2017\animation2017\shader.h(56): warning C4101: 'infoLog': unreferenced local variable
c:\users\peter pantelakos\source\repos\animation2017\animation2017\shader.h(55): warning C4101: 'success': unreferenced local variable
c:\users\peter pantelakos\source\repos\animation2017\animation2017\inputmanager.cpp(32): warning C4244: '=': conversion from 'double' to 'GLfloat', possible loss of data
c:\users\peter pantelakos\source\repos\animation2017\animation2017\inputmanager.cpp(33): warning C4244: '=': conversion from 'double' to 'GLfloat', possible loss of data
c:\users\peter pantelakos\source\repos\animation2017\animation2017\inputmanager.cpp(37): warning C4244: 'initializing': conversion from 'double' to 'float', possible loss of data
c:\users\peter pantelakos\source\repos\animation2017\animation2017\inputmanager.cpp(38): warning C4244: 'initializing': conversion from 'double' to 'float', possible loss of data
c:\users\peter pantelakos\source\repos\animation2017\animation2017\inputmanager.cpp(40): warning C4244: '=': conversion from 'double' to 'GLfloat', possible loss of data
c:\users\peter pantelakos\source\repos\animation2017\animation2017\inputmanager.cpp(41): warning C4244: '=': conversion from 'double' to 'GLfloat', possible loss of data
c:\users\peter pantelakos\source\repos\animation2017\animation2017\inputmanager.cpp(50): warning C4244: 'argument': conversion from 'double' to 'float', possible loss of data
  Generating Code...
LINK : warning LNK4098: defaultlib 'MSVCRT' conflicts with use of other libs; use /NODEFAULTLIB:library
  Animation2017.vcxproj -> C:\Users\Peter Pantelakos\Source\Repos\Animation2017\Debug\Animation2017.exe
  Animation2017.vcxproj -> C:\Users\Peter Pantelakos\Source\Repos\Animation2017\Debug\Animation2017.pdb (Partial PDB)
